<?xml version="1.0" encoding="UTF-8"?>
<testsuite xmlns:xsi="http://www.w3.org/2001/XMLSchema-instance" xsi:noNamespaceSchemaLocation="https://maven.apache.org/surefire/maven-surefire-plugin/xsd/surefire-test-report.xsd" name="Pesquisa Wikipedia" time="35.267" tests="1" errors="0" skipped="0" failures="1">
  <properties>
[...]
</properties>
  <testcase name="Pesquisar por BrowserStack" classname="Pesquisa Wikipedia" time="35.267">
    <failure message="Validando que a lista de pesquisa retornou algum resultado" type="java.lang.AssertionError">java.lang.AssertionError: Validando que a lista de pesquisa retornou algum resultado
</failure>
    <system-out><![CDATA[┌───────────────────────────────────────────────────────────────────────────────────┐
│ Share your Cucumber Report with your team at https://reports.cucumber.io          │
│ Activate publishing with one of the following:                                    │
│                                                                                   │
│ src/test/resources/cucumber.properties:          cucumber.publish.enabled=true    │
│ src/test/resources/junit-platform.properties:    cucumber.publish.enabled=true    │
│ Environment variable:                            CUCUMBER_PUBLISH_ENABLED=true    │
│ JUnit:                                           @CucumberOptions(publish = true) │
│                                                                                   │
│ More information at https://cucumber.io/docs/cucumber/environment-variables/      │
│                                                                                   │
│ Disable this message with one of the following:                                   │
│                                                                                   │
│ src/test/resources/cucumber.properties:          cucumber.publish.quiet=true      │
│ src/test/resources/junit-platform.properties:    cucumber.publish.quiet=true      │
└───────────────────────────────────────────────────────────────────────────────────┘

@mobileApp
Esquema do Cenario: Pesquisar por BrowserStack # features/Pesquisa.feature:12
[Check Info] - Android app rodando!
  Dado acesso o aplicativo no dispositivo 2    # steps.HomeSteps.acesso_o_aplicativo_no_dispositivo(java.lang.Integer)
  Quando realizo o filtro                      # steps.HomeSteps.realizo_o_filtro()
  Entao os resultados sao exibidos             # steps.HomeSteps.os_resultados_sao_exibidos()
      java.lang.AssertionError: Validando que a lista de pesquisa retornou algum resultado
	at org.junit.Assert.fail(Assert.java:89)
	at org.junit.Assert.assertTrue(Assert.java:42)
	at steps.HomeSteps.os_resultados_sao_exibidos(HomeSteps.java:29)
	at ✽.os resultados sao exibidos(classpath:features/Pesquisa.feature:9)

]]></system-out>
    <system-err><![CDATA[nov 16, 2024 5:33:23 PM io.appium.java_client.remote.AppiumCommandExecutor$1 lambda$0
INFORMAÇÕES: Detected dialect: OSS
]]></system-err>
  </testcase>
</testsuite>